<?xml version="1.0" encoding="UTF-8"?>
<testng-results ignored="0" total="1" passed="1" failed="0" skipped="0">
  <reporter-output>
  </reporter-output>
  <suite started-at="2025-08-10T22:53:29 IST" name="Default suite" finished-at="2025-08-10T22:53:42 IST" duration-ms="12862">
    <groups>
    </groups>
    <test started-at="2025-08-10T22:53:29 IST" name="Default test" finished-at="2025-08-10T22:53:42 IST" duration-ms="12862">
      <class name="Tests.TestVerifyFacilityDropdown">
        <test-method is-config="true" signature="openApp()[pri:0, instance:Tests.TestVerifyFacilityDropdown@7d0b7e3c]" started-at="2025-08-10T22:53:29 IST" name="openApp" finished-at="2025-08-10T22:53:38 IST" duration-ms="9091" status="PASS">
          <reporter-output>
          </reporter-output>
        </test-method> <!-- openApp -->
        <test-method signature="testVerifyFacilityOptionDDM()[pri:0, instance:Tests.TestVerifyFacilityDropdown@7d0b7e3c]" started-at="2025-08-10T22:53:38 IST" name="testVerifyFacilityOptionDDM" finished-at="2025-08-10T22:53:42 IST" duration-ms="3114" status="PASS">
          <reporter-output>
          </reporter-output>
        </test-method> <!-- testVerifyFacilityOptionDDM -->
        <test-method is-config="true" signature="closeApp()[pri:0, instance:Tests.TestVerifyFacilityDropdown@7d0b7e3c]" started-at="2025-08-10T22:53:42 IST" name="closeApp" finished-at="2025-08-10T22:53:42 IST" duration-ms="514" status="PASS">
          <reporter-output>
          </reporter-output>
        </test-method> <!-- closeApp -->
      </class> <!-- Tests.TestVerifyFacilityDropdown -->
    </test> <!-- Default test -->
  </suite> <!-- Default suite -->
</testng-results>
