<?xml version="1.0" encoding="UTF-8"?>
<testng-results ignored="0" total="1" passed="1" failed="0" skipped="0">
  <reporter-output>
  </reporter-output>
  <suite started-at="2025-08-04T15:24:30 IST" name="Default suite" finished-at="2025-08-04T15:24:45 IST" duration-ms="14440">
    <groups>
    </groups>
    <test started-at="2025-08-04T15:24:30 IST" name="Default test" finished-at="2025-08-04T15:24:45 IST" duration-ms="14440">
      <class name="Tests.TestvalidLogin">
        <test-method is-config="true" signature="openApp()[pri:0, instance:Tests.TestvalidLogin@2eae8e6e]" started-at="2025-08-04T15:24:30 IST" name="openApp" finished-at="2025-08-04T15:24:40 IST" duration-ms="9555" status="PASS">
          <reporter-output>
          </reporter-output>
        </test-method> <!-- openApp -->
        <test-method signature="testValidLogin()[pri:0, instance:Tests.TestvalidLogin@2eae8e6e]" started-at="2025-08-04T15:24:40 IST" name="testValidLogin" finished-at="2025-08-04T15:24:44 IST" duration-ms="4365" status="PASS">
          <reporter-output>
          </reporter-output>
        </test-method> <!-- testValidLogin -->
        <test-method is-config="true" signature="closeApp()[pri:0, instance:Tests.TestvalidLogin@2eae8e6e]" started-at="2025-08-04T15:24:44 IST" name="closeApp" finished-at="2025-08-04T15:24:45 IST" duration-ms="433" status="PASS">
          <reporter-output>
          </reporter-output>
        </test-method> <!-- closeApp -->
      </class> <!-- Tests.TestvalidLogin -->
    </test> <!-- Default test -->
  </suite> <!-- Default suite -->
</testng-results>
